

--- Lambda Expressions in Java -> old prompt
Compilation finished at: Wed Nov  6 09:46:47 PM -03 2024 
Total time taken: 62 seconds. 

Summary of Compilation Results: 
Total files: 100 
Successfully compiled: 89 
Failed compilations: 11 
Failure percentage: 11.00% 

Compiled with: /usr/lib/jvm/java-1.21.0-openjdk-amd64/bin/javac



--- Lambda Expressions in Java -> new prompt
Compilation finished at: Wed Nov  6 09:42:50 PM -03 2024 
Total time taken: 33 seconds. 

Summary of Compilation Results: 
Total files: 50 
Successfully compiled: 41 
Failed compilations: 9 
Failure percentage: 18.00% 

Compiled with: /usr/lib/jvm/java-1.21.0-openjdk-amd64/bin/javac




--- Pattern Matching for switch in Java
Compilation finished at: Wed Nov  6 10:10:03 PM -03 2024 
Total time taken: 22 seconds. 

Summary of Compilation Results: 
Total files: 50 
Successfully compiled: 18 
Failed compilations: 32 
Failure percentage: 64.00% 

Compiled with: /usr/lib/jvm/java-1.21.0-openjdk-amd64/bin/javac
